#
# There is insufficient memory for the Java Runtime Environment to continue.
# Native memory allocation (mmap) failed to map 268435456 bytes. Error detail: G1 virtual space
# Possible reasons:
#   The system is out of physical RAM or swap space
#   This process is running with CompressedOops enabled, and the Java Heap may be blocking the growth of the native heap
# Possible solutions:
#   Reduce memory load on the system
#   Increase physical memory or swap space
#   Check if swap backing store is full
#   Decrease Java heap size (-Xmx/-Xms)
#   Decrease number of Java threads
#   Decrease Java thread stack sizes (-Xss)
#   Set larger code cache with -XX:ReservedCodeCacheSize=
#   JVM is running with Zero Based Compressed Oops mode in which the Java heap is
#     placed in the first 32GB address space. The Java Heap base address is the
#     maximum limit for the native heap growth. Please use -XX:HeapBaseMinAddress
#     to set the Java Heap base and to place the Java Heap above 32GB virtual address.
# This output file may be truncated or incomplete.
#
#  Out of Memory Error (os_windows.cpp:3603), pid=8200, tid=23112
#
# JRE version:  (21.0.3+9) (build )
# Java VM: OpenJDK 64-Bit Server VM (21.0.3+9-LTS, mixed mode, emulated-client, sharing, tiered, compressed oops, compressed class ptrs, g1 gc, windows-amd64)
# No core dump will be written. Minidumps are not enabled by default on client versions of Windows
#

---------------  S U M M A R Y ------------

Command Line: -XX:TieredStopAtLevel=1 -Dfile.encoding=UTF-8 -Duser.country=MX -Duser.language=es -Duser.variant com.banquito.corecobros.order.OrderApplication

Host: Intel(R) Core(TM) i7-6600U CPU @ 2.60GHz, 4 cores, 15G,  Windows 11 , 64 bit Build 22621 (10.0.22621.3672)
Time: Sun Jul 21 23:26:32 2024 Hora est. Pacífico, Sudamérica elapsed time: 0.053757 seconds (0d 0h 0m 0s)

---------------  T H R E A D  ---------------

Current thread (0x000001d2f19152e0):  JavaThread "Unknown thread" [_thread_in_vm, id=23112, stack(0x0000007308900000,0x0000007308a00000) (1024K)]

Stack: [0x0000007308900000,0x0000007308a00000]
Native frames: (J=compiled Java code, j=interpreted, Vv=VM code, C=native code)
V  [jvm.dll+0x6c8699]
V  [jvm.dll+0x8a2061]
V  [jvm.dll+0x8a458e]
V  [jvm.dll+0x8a4c63]
V  [jvm.dll+0x27e476]
V  [jvm.dll+0x6c4e15]
V  [jvm.dll+0x6b9b0a]
V  [jvm.dll+0x3523ba]
V  [jvm.dll+0x359f66]
V  [jvm.dll+0x3ab1be]
V  [jvm.dll+0x3ab468]
V  [jvm.dll+0x3265fc]
V  [jvm.dll+0x32715b]
V  [jvm.dll+0x86b0b9]
V  [jvm.dll+0x3b81c1]
V  [jvm.dll+0x854318]
V  [jvm.dll+0x44c55e]
V  [jvm.dll+0x44e081]
C  [jli.dll+0x5278]
C  [ucrtbase.dll+0x29333]
C  [KERNEL32.DLL+0x1257d]
C  [ntdll.dll+0x5af28]


---------------  P R O C E S S  ---------------

Threads class SMR info:
_java_thread_list=0x00007ffcb6d8e048, length=0, elements={
}

Java Threads: ( => current thread )
Total: 0

Other Threads:
  0x000001d2f3b593e0 WorkerThread "GC Thread#0"                     [id=21524, stack(0x0000007308a00000,0x0000007308b00000) (1024K)]
  0x000001d2f3b6a210 ConcurrentGCThread "G1 Main Marker"            [id=18468, stack(0x0000007308b00000,0x0000007308c00000) (1024K)]
  0x000001d2f3b6c120 WorkerThread "G1 Conc#0"                       [id=5788, stack(0x0000007308c00000,0x0000007308d00000) (1024K)]

[error occurred during error reporting (printing all threads), id 0xc0000005, EXCEPTION_ACCESS_VIOLATION (0xc0000005) at pc=0x00007ffcb6498f27]
VM state: not at safepoint (not fully initialized)

VM Mutex/Monitor currently owned by a thread:  ([mutex/lock_event])
[0x00007ffcb6e02228] Heap_lock - owner thread: 0x000001d2f19152e0

Heap address: 0x0000000701a00000, size: 4070 MB, Compressed Oops mode: Zero based, Oop shift amount: 3

CDS archive(s) mapped at: [0x0000000000000000-0x0000000000000000-0x0000000000000000), size 0, SharedBaseAddress: 0x0000000800000000, ArchiveRelocationMode: 1.
Narrow klass base: 0x0000000000000000, Narrow klass shift: 0, Narrow klass range: 0x0

GC Precious Log:
 CardTable entry size: 512
 Card Set container configuration: InlinePtr #cards 4 size 8 Array Of Cards #cards 16 size 48 Howl #buckets 8 coarsen threshold 3686 Howl Bitmap #cards 512 size 80 coarsen threshold 460 Card regions per heap region 1 cards per card region 4096

Heap:
 garbage-first heap   total 0K, used 0K [0x0000000701a00000, 0x0000000800000000)
  region size 2048K, 0 young (0K), 0 survivors (0K)

[error occurred during error reporting (printing heap information), id 0xc0000005, EXCEPTION_ACCESS_VIOLATION (0xc0000005) at pc=0x00007ffcb6882069]
GC Heap History (0 events):
No events

Dll operation events (1 events):
Event: 0.037 Loaded shared library C:\Program Files\Eclipse Adoptium\jdk-21.0.3.9-hotspot\bin\java.dll

Deoptimization events (0 events):
No events

Classes loaded (0 events):
No events

Classes unloaded (0 events):
No events

Classes redefined (0 events):
No events

Internal exceptions (0 events):
No events

ZGC Phase Switch (0 events):
No events

VM Operations (0 events):
No events

Events (0 events):
No events


Dynamic libraries:
0x00007ff7c3740000 - 0x00007ff7c374e000 	C:\Program Files\Eclipse Adoptium\jdk-21.0.3.9-hotspot\bin\java.exe
0x00007ffd6c090000 - 0x00007ffd6c2a7000 	C:\WINDOWS\SYSTEM32\ntdll.dll
0x00007ffd6abc0000 - 0x00007ffd6ac84000 	C:\WINDOWS\System32\KERNEL32.DLL
0x00007ffd69810000 - 0x00007ffd69bbd000 	C:\WINDOWS\System32\KERNELBASE.dll
0x00007ffd696f0000 - 0x00007ffd69801000 	C:\WINDOWS\System32\ucrtbase.dll
0x00007ffd3f210000 - 0x00007ffd3f22b000 	C:\Program Files\Eclipse Adoptium\jdk-21.0.3.9-hotspot\bin\VCRUNTIME140.dll
0x00007ffd3fd30000 - 0x00007ffd3fd48000 	C:\Program Files\Eclipse Adoptium\jdk-21.0.3.9-hotspot\bin\jli.dll
0x00007ffd6bad0000 - 0x00007ffd6bc7e000 	C:\WINDOWS\System32\USER32.dll
0x00007ffd694b0000 - 0x00007ffd694d6000 	C:\WINDOWS\System32\win32u.dll
0x00007ffd52580000 - 0x00007ffd52813000 	C:\WINDOWS\WinSxS\amd64_microsoft.windows.common-controls_6595b64144ccf1df_6.0.22621.3672_none_2713b9d173822955\COMCTL32.dll
0x00007ffd6aae0000 - 0x00007ffd6ab87000 	C:\WINDOWS\System32\msvcrt.dll
0x00007ffd6ab90000 - 0x00007ffd6abb9000 	C:\WINDOWS\System32\GDI32.dll
0x00007ffd694e0000 - 0x00007ffd695f9000 	C:\WINDOWS\System32\gdi32full.dll
0x00007ffd69bc0000 - 0x00007ffd69c5a000 	C:\WINDOWS\System32\msvcp_win.dll
0x00007ffd6aaa0000 - 0x00007ffd6aad1000 	C:\WINDOWS\System32\IMM32.DLL
0x00007ffd57d00000 - 0x00007ffd57d0c000 	C:\Program Files\Eclipse Adoptium\jdk-21.0.3.9-hotspot\bin\vcruntime140_1.dll
0x00007ffcda010000 - 0x00007ffcda09e000 	C:\Program Files\Eclipse Adoptium\jdk-21.0.3.9-hotspot\bin\msvcp140.dll
0x00007ffcb6160000 - 0x00007ffcb6ee2000 	C:\Program Files\Eclipse Adoptium\jdk-21.0.3.9-hotspot\bin\server\jvm.dll
0x00007ffd6b680000 - 0x00007ffd6b732000 	C:\WINDOWS\System32\ADVAPI32.dll
0x00007ffd6bfa0000 - 0x00007ffd6c049000 	C:\WINDOWS\System32\sechost.dll
0x00007ffd69480000 - 0x00007ffd694a8000 	C:\WINDOWS\System32\bcrypt.dll
0x00007ffd6be80000 - 0x00007ffd6bf94000 	C:\WINDOWS\System32\RPCRT4.dll
0x00007ffd6bde0000 - 0x00007ffd6be51000 	C:\WINDOWS\System32\WS2_32.dll
0x00007ffd68210000 - 0x00007ffd6825d000 	C:\WINDOWS\SYSTEM32\POWRPROF.dll
0x00007ffd62c90000 - 0x00007ffd62cc4000 	C:\WINDOWS\SYSTEM32\WINMM.dll
0x00007ffd590b0000 - 0x00007ffd590ba000 	C:\WINDOWS\SYSTEM32\VERSION.dll
0x00007ffd681f0000 - 0x00007ffd68203000 	C:\WINDOWS\SYSTEM32\UMPDC.dll
0x00007ffd684a0000 - 0x00007ffd684b8000 	C:\WINDOWS\SYSTEM32\kernel.appcore.dll
0x00007ffd56000000 - 0x00007ffd5600a000 	C:\Program Files\Eclipse Adoptium\jdk-21.0.3.9-hotspot\bin\jimage.dll
0x00007ffd664f0000 - 0x00007ffd66722000 	C:\WINDOWS\SYSTEM32\DBGHELP.DLL
0x00007ffd6b290000 - 0x00007ffd6b618000 	C:\WINDOWS\System32\combase.dll
0x00007ffd6b990000 - 0x00007ffd6ba67000 	C:\WINDOWS\System32\OLEAUT32.dll
0x00007ffd590c0000 - 0x00007ffd590f2000 	C:\WINDOWS\SYSTEM32\dbgcore.DLL
0x00007ffd69600000 - 0x00007ffd6967b000 	C:\WINDOWS\System32\bcryptPrimitives.dll
0x00007ffd39090000 - 0x00007ffd390af000 	C:\Program Files\Eclipse Adoptium\jdk-21.0.3.9-hotspot\bin\java.dll

dbghelp: loaded successfully - version: 4.0.5 - missing functions: none
symbol engine: initialized successfully - sym options: 0x614 - pdb path: .;C:\Program Files\Eclipse Adoptium\jdk-21.0.3.9-hotspot\bin;C:\WINDOWS\SYSTEM32;C:\WINDOWS\WinSxS\amd64_microsoft.windows.common-controls_6595b64144ccf1df_6.0.22621.3672_none_2713b9d173822955;C:\Program Files\Eclipse Adoptium\jdk-21.0.3.9-hotspot\bin\server

VM Arguments:
jvm_args: -XX:TieredStopAtLevel=1 -Dfile.encoding=UTF-8 -Duser.country=MX -Duser.language=es -Duser.variant 
java_command: com.banquito.corecobros.order.OrderApplication
java_class_path (initial): C:\Users\bryan\Documents\GitHub\order-corecobros\build\classes\java\main;C:\Users\bryan\Documents\GitHub\order-corecobros\build\resources\main;C:\Users\bryan\.gradle\caches\modules-2\files-2.1\org.springframework.boot\spring-boot-devtools\3.2.7\25d85cffefc1fb2d16eec9b81d1dab3325d6c95a\spring-boot-devtools-3.2.7.jar;C:\Users\bryan\.gradle\caches\modules-2\files-2.1\org.mapstruct\mapstruct\1.5.5.Final\2ca3cbe39b6e9ea8d5ea521965a89bef2a1e8eeb\mapstruct-1.5.5.Final.jar;C:\Users\bryan\.gradle\caches\modules-2\files-2.1\org.apache.commons\commons-csv\1.11.0\8f2dc805097da534612128b7cdf491a5a76752bf\commons-csv-1.11.0.jar;C:\Users\bryan\.gradle\caches\modules-2\files-2.1\org.postgresql\postgresql\42.6.2\18c33c28326b2f81480833291b81f5eca080ab3c\postgresql-42.6.2.jar;C:\Users\bryan\.gradle\caches\modules-2\files-2.1\org.springframework.boot\spring-boot-actuator-autoconfigure\3.2.7\e9f21f75f587023633ae123b8ba5784b7575648d\spring-boot-actuator-autoconfigure-3.2.7.jar;C:\Users\bryan\.gradle\caches\modules-2\files-2.1\org.springframework.boot\spring-boot-autoconfigure\3.2.7\97c0c7b286163b21d4069dbb8d2a62e4a7a97d44\spring-boot-autoconfigure-3.2.7.jar;C:\Users\bryan\.gradle\caches\modules-2\files-2.1\org.springframework.boot\spring-boot-actuator\3.2.7\5f2a29e320ec1cf83eaa90ac61a129862a3352cb\spring-boot-actuator-3.2.7.jar;C:\Users\bryan\.gradle\caches\modules-2\files-2.1\org.springframework.boot\spring-boot\3.2.7\87bb7600797e4f686b9c8c644c7b47aaa084207d\spring-boot-3.2.7.jar;C:\Users\bryan\.gradle\caches\modules-2\files-2.1\io.micrometer\micrometer-jakarta9\1.12.7\36b34430cfdeac76b1ac640305a2b60fa4aa4199\micrometer-jakarta9-1.12.7.jar;C:\Users\bryan\.gradle\caches\modules-2\files-2.1\org.springframework\spring-webmvc\6.1.10\476344c2f21ab070bc72108375d9355f2ec0ddd1\spring-webmvc-6.1.10.jar;C:\Users\bryan\.gradle\caches\modules-2\files-2.1\org.springframework\spring-webflux\6.1.10\c8d75066a9f8af61681be635ea0e61cef320b53e\spring-webflux-6.1.10.jar;C:\Users\bryan\.gradle\caches\modules-2\files-2.1\org.springframework\spring-web\6.1.10\876a856af61ef5712fb9a3013b798aa2b4a9475e\spring-web-6.1.10.jar;C:\Users\bryan\.gradle\caches\modules-2\files-2.1\org.springframework.data\spring-data-jpa\3.2.7\13addd67fe66f22b630fd777e3c18b83c35a2610\spring-data-jpa-3.2.7.jar;C:\Users\bryan\.gradle\caches\modules-2\files-2.1\org.springframework\spring-context\6.1.10\6f869ea35a26028f3bfbfb52c72ef2b077fbb6e5\spring-context-6.1.10.jar;C:\Users\bryan\.gradle\caches\modules-2\files-2.1\io.micrometer\micrometer-core\1.12.7\8b99d7a98d85e634a712d39139b5972e0bed1f49\micrometer-core-1.12.7.jar;C:\Users\bryan\.gradle\caches\modules-2\files-2.1\io.micrometer\micrometer-observation\1.12.7\41cf5c9848d65c1559b9e78809fb22b7d85ba337\micrometer-observation-1.12.7.jar;C:\Users\bryan\.gradle\caches\modules-2\files-2.1\org.hibernate.orm\hibernate-core\6.4.9.Final\830adecd8345f54ae3fc49593cb7326883a97d9e\hibernate-core-6.4.9.Final.jar;C:\Users\bryan\.gradle\caches\modules-2\files-2.1\org.springframework\spring-aspects\6.1.10\8d869a8bcc99e71b98b9d5ca141539d6e6ba3061\spring-aspects-6.1.10.jar;C:\Users\bryan\.gradle\caches\modules-2\files-2.1\commons-io\commons-io\2.16.1\377d592e740dc77124e0901291dbfaa6810a200e\commons-io-2.16.1.jar;C:\Users\bryan\.gradle\caches\modules-2\files-2.1\commons-codec\commons-codec\1.16.1\47bd4d333fba53406f6c6c51884ddbca435c8862\commons-codec-1.16.1.jar;C:\Users\bryan\.gradle\caches\modules-2\files-2.1\org.checkerframework\checker-qual\3.31.0\eeefd4af42e2f4221d145c1791582f91868f99ab\checker-qual-3.31.0.jar;C:\Users\bryan\.gradle\caches\modules-2\files-2.1\org.springframework\spring-aop\6.1.10\aa6a147eb08820fb503a992a8fe2c9fee3439129\spring-aop-6.1.10.jar;C:\Users\bryan\.gradle\caches\modules-2\files-2.1\org.springframework\spring-orm\6.1.10\b4cd93ddd043407b3ba3fdfca3b07db776581fec\spring-orm-6.1.10.jar;C:\Users\bryan\.gradle\caches\modules-2\files-2.1\org.springframework\spring-jdbc\6.1.10\bba7d7de1d944443bd9e45d0ebcbbb6ec6864be0\spring-jdbc-6.1.10.jar;C:\Users\bryan\.gradle\caches\modules-2\files-2.1\org.springframework.data\spring-data-commons\3.2.7\d8ad8730fcb2528307a24b43cd7c3948c87f9cb3\spring-data-commons-3.2.7.jar;C:\Users\bryan\.gradle\caches\modules-2\files-2.1\org.springframework\spring-tx\6.1.10\1a2361bc1881ed1a0dc2e09561e8f560e1949c8e\spring-tx-6.1.10.jar;C:\Users\bryan\.gradle\caches\modules-2\files-2.1\org.springframework\spring-beans\6.1.10\a49252929fb2918f73eb7659ef98dff7306a7c2c\spring-beans-6.1.10.jar;C:\Users\bryan\.gradle\caches\modules-2\files-2.1\org.springframework\spring-expression\6.1.10\a17d61f1388d0e13d6e7a740304e9d648fffc7c\spring-expression-6.1.10.jar;C:\Users\bryan\.gradle\caches\modules-2\files-2.1\org.springframework\spring-core\6.1.10\eaf5b1f3e3bb5aa8b45ab255cf3270c1c4578f1d\spring-core-6.1.10.jar;C:\Users\bryan\.gradle\caches\modules-2\files-2.1\jakarta.annotation\jakarta.annotation-api\2.1.1\48b9bda22b091b1f48b13af03fe36db3be6e1ae3\jakarta.annotation-api-2.1.1.jar;C:\Users\bryan\.gradle\caches\modules-2\files-2.1\org.yaml\snakeyaml\2.2\3af797a25458550a16bf89acc8e4ab2b7f2bfce0\snakeyaml-2.2.jar;C:\Users\bryan\.gradle\caches\modules-2\files-2.1\com.fasterxml.jackson.datatype\jackson-datatype-jdk8\2.15.4\694777f182334a21bf1aeab1b04cc4398c801f3f\jackson-datatype-jdk8-2.15.4.jar;C:\Users\bryan\.gradle\caches\modules-2\files-2.1\com.fasterxml.jackson.module\jackson-module-parameter-names\2.15.4\e654497a08359db2521b69b5f710e00836915d8c\jackson-module-parameter-names-2.15.4.jar;C:\Users\bryan\.gradle\caches\modules-2\files-2.1\com.fasterxml.jackson.core\jackson-annotations\2.15.4\5223ea5a9bf52cdc9c5e537a0e52f2432eaf208b\jackson-annotations-2.15.4.jar;C:\Users\bryan\.gradle\caches\modules-2\files-2.1\com.fasterxml.jackson.core\jackson-core\2.15.4\aebe84b45360debad94f692a4074c6aceb535fa0\jackson-core-2.15.4.jar;C:\Users\bryan\.gradle\caches\modules-2\files-2.1\com.fasterxml.jackson.datatype\jackson-datatype-jsr310\2.15.4\7de629770a4559db57128d35ccae7d2fddd35db3\jackson-datatype-jsr310-2.15.4.jar;C:\Users\bryan\.gradle\caches\modules-2\files-2.1\com.fasterxml.jackson.core\jackson-databind\2.15.4\560309fc381f77d4d15c4a4cdaa0db5025c4fd13\jackson-databind-2.15.4.jar;C:\Users\bryan\.gradle\caches\modules-2\files-2.1\io.micrometer\micrometer-commons\1.12.7\c35759a840f3e5a0ceda8fbf42874a0e6c730c45\micrometer-commons-1.12.7.jar;C:\Users\bryan\.gradle\caches\modules-2\files-2.1\org.aspectj\aspectjweaver\1.9.22\10736ab74a53af5e2e1b07e76335a5391526b6f8\aspectjweaver-1.9.22.jar;C:\Users\bryan\.gradle\caches\modules-2\files-2.1\com.zaxxer\HikariCP\5.0.1\a74c7f0a37046846e88d54f7cb6ea6d565c65f9c\HikariCP-5.0.1.jar;C:\Users\bryan\.gradle\caches\modules-2\files-2.1\jakarta.persistence\jakarta.persistence-api\3.1.0\66901fa1c373c6aff65c13791cc11da72060a8d6\jakarta.persistence-api-3.1.0.jar;C:\Users\bryan\.gradle\caches\modules-2\files-2.1\jakarta.transaction\jakarta.transaction-api\2.0.1\51a520e3fae406abb84e2e1148e6746ce3f80a1a\jakarta.transaction-api-2.0.1.jar;C:\Users\bryan\.gradle\caches\modules-2\files-2.1\org.jboss.logging\jboss-logging\3.5.3.Final\c88fc1d8a96d4c3491f55d4317458ccad53ca663\jboss-logging-3.5.3.Final.jar;C:\Users\bryan\.gradle\caches\modules-2\files-2.1\org.hibernate.common\hibernate-commons-annotations\6.0.6.Final\77a5f94b56d49508e0ee334751db5b78e5ccd50c\hibernate-commons-annotations-6.0.6.Final.jar;C:\Users\bryan\.gradle\caches\modules-2\files-2.1\io.smallrye\jandex\3.1.2\a6c1c89925c7df06242b03dddb353116ceb9584c\jandex-3.1.2.jar;C:\Users\bryan\.gradle\caches\modules-2\files-2.1\com.fasterxml\classmate\1.6.0\91affab6f84a2182fce5dd72a8d01bc14346dddd\classmate-1.6.0.jar;C:\Users\bryan\.gradle\caches\modules-2\files-2.1\net.bytebuddy\byte-buddy\1.14.17\a8d08f3c1e75ecc7f38a8cfd7e9fa47919096373\byte-buddy-1.14.17.jar;C:\Users\bryan\.gradle\caches\modules-2\files-2.1\org.glassfish.jaxb\jaxb-runtime\4.0.5\ca84c2a7169b5293e232b9d00d1e4e36d4c3914a\jaxb-runtime-4.0.5.jar;C:\Users\bryan\.gradle\caches\modules-2\files-2.1\org.glassfish.jaxb\jaxb-core\4.0.5\7b4b11ea5542eea4ad55e1080b23be436795b3\jaxb-core-4.0.5.jar;C:\Users\bryan\.gradle\caches\modules-2\files-2.1\jakarta.xml.bind\jakarta.xml.bind-api\4.0.2\6cd5a999b834b63238005b7144136379dc36cad2\jakarta.xml.bind-api-4.0.2.jar;C:\Users\bryan\.gradle\caches\modules-2\files-2.1\jakarta.inject\jakarta.inject-api\2.0.1\4c28afe1991a941d7702fe1362c365f0a8641d1e\jakarta.inject-api-2.0.1.jar;C:\Users\bryan\.gradle\caches\modules-2\files-2.1\org.antlr\antlr4-runtime\4.13.0\5a02e48521624faaf5ff4d99afc88b01686af655\antlr4-runtime-4.13.0.jar;C:\Users\bryan\.gradle\caches\modules-2\files-2.1\ch.qos.logback\logback-classic\1.4.14\d98bc162275134cdf1518774da4a2a17ef6fb94d\logback-classic-1.4.14.jar;C:\Users\bryan\.gradle\caches\modules-2\files-2.1\org.apache.logging.log4j\log4j-to-slf4j\2.21.1\d77b2ba81711ed596cd797cc2b5b5bd7409d841c\log4j-to-slf4j-2.21.1.jar;C:\Users\bryan\.gradle\caches\modules-2\files-2.1\org.slf4j\jul-to-slf4j\2.0.13\a3bcd9d9dd50c71ce69f06b1fd05e40fdeff6ba5\jul-to-slf4j-2.0.13.jar;C:\Users\bryan\.gradle\caches\modules-2\files-2.1\org.slf4j\slf4j-api\2.0.13\80229737f704b121a318bba5d5deacbcf395bc77\slf4j-api-2.0.13.jar;C:\Users\bryan\.gradle\caches\modules-2\files-2.1\org.apache.tomcat.embed\tomcat-embed-websocket\10.1.25\efd7848a9677e9a7cf8367b43213805eca70805\tomcat-embed-websocket-10.1.25.jar;C:\Users\bryan\.gradle\caches\modules-2\files-2.1\org.apache.tomcat.embed\tomcat-embed-core\10.1.25\c1e5ee12f537e6b4fea2b98a7160dcf0db610561\tomcat-embed-core-10.1.25.jar;C:\Users\bryan\.gradle\caches\modules-2\files-2.1\org.apache.tomcat.embed\tomcat-embed-el\10.1.25\2f030e4971e29245c10e58723fb6b364ce23933b\tomcat-embed-el-10.1.25.jar;C:\Users\bryan\.gradle\caches\modules-2\files-2.1\io.projectreactor.netty\reactor-netty-http\1.1.20\8d4ee98405a5856cf0c9d7c1a70f3f14631e3c46\reactor-netty-http-1.1.20.jar;C:\Users\bryan\.gradle\caches\modules-2\files-2.1\io.projectreactor.netty\reactor-netty-core\1.1.20\1a5ef52a470a82d9313e2e1ad8ba064bdbd38948\reactor-netty-core-1.1.20.jar;C:\Users\bryan\.gradle\caches\modules-2\files-2.1\io.projectreactor\reactor-core\3.6.7\6d1918147645b5b8e577555a89ab271319f25d2f\reactor-core-3.6.7.jar;C:\Users\bryan\.gradle\caches\modules-2\files-2.1\org.springframework\spring-jcl\6.1.10\c22c18cf6ed7d768676816347f020a6868663224\spring-jcl-6.1.10.jar;C:\Users\bryan\.gradle\caches\modules-2\files-2.1\org.hdrhistogram\HdrHistogram\2.1.12\6eb7552156e0d517ae80cc2247be1427c8d90452\HdrHistogram-2.1.12.jar;C:\Users\bryan\.gradle\caches\modules-2\files-2.1\org.latencyutils\LatencyUtils\2.0.3\769c0b82cb2421c8256300e907298a9410a2a3d3\LatencyUtils-2.0.3.jar;C:\Users\bryan\.gradle\caches\modules-2\files-2.1\org.eclipse.angus\angus-activation\2.0.2\41f1e0ddd157c856926ed149ab837d110955a9fc\angus-activation-2.0.2.jar;C:\Users\bryan\.gradle\caches\modules-2\files-2.1\jakarta.activation\jakarta.activation-api\2.1.3\fa165bd70cda600368eee31555222776a46b881f\jakarta.activation-api-2.1.3.jar;C:\Users\bryan\.gradle\caches\modules-2\files-2.1\io.netty\netty-codec-http2\4.1.111.Final\f0cca5df75bfb4f858d0435f601d8b1cae1de054\netty-codec-http2-4.1.111.Final.jar;C:\Users\bryan\.gradle\caches\modules-2\files-2.1\io.netty\netty-handler-proxy\4.1.111.Final\1e459c8630bb7c942b79a97e62dd728798de6a8c\netty-handler-proxy-4.1.111.Final.jar;C:\Users\bryan\.gradle\caches\modules-2\files-2.1\io.netty\netty-codec-http\4.1.111.Final\c6ecbc452321e632bf3cea0f9758839b650455c7\netty-codec-http-4.1.111.Final.jar;C:\Users\bryan\.gradle\caches\modules-2\files-2.1\io.netty\netty-resolver-dns-native-macos\4.1.111.Final\aeef447d930ddfcdc80a8b2c67eb9b5d781d6354\netty-resolver-dns-native-macos-4.1.111.Final-osx-x86_64.jar;C:\Users\bryan\.gradle\caches\modules-2\files-2.1\io.netty\netty-resolver-dns-classes-macos\4.1.111.Final\c21cc719234e5553c3b65f29defb4b383edc8fd2\netty-resolver-dns-classes-macos-4.1.111.Final.jar;C:\Users\bryan\.gradle\caches\modules-2\files-2.1\io.netty\netty-resolver-dns\4.1.111.Final\5ac6a3d96935129ba45ea768ad30e31cad0d8c4d\netty-resolver-dns-4.1.111.Final.jar;C:\Users\bryan\.gradle\caches\modules-2\files-2.1\io.netty\netty-transport-native-epoll\4.1.111.Final\e102a0568f4f2cd7d4049c4154f94528cadf646b\netty-transport-native-epoll-4.1.111.Final-linux-x86_64.jar;C:\Users\bryan\.gradle\caches\modules-2\files-2.1\org.reactivestreams\reactive-streams\1.0.4\3864a1320d97d7b045f729a326e1e077661f31b7\reactive-streams-1.0.4.jar;C:\Users\bryan\.gradle\caches\modules-2\files-2.1\ch.qos.logback\logback-core\1.4.14\4d3c2248219ac0effeb380ed4c5280a80bf395e8\logback-core-1.4.14.jar;C:\Users\bryan\.gradle\caches\modules-2\files-2.1\org.apache.logging.log4j\log4j-api\2.21.1\74c65e87b9ce1694a01524e192d7be989ba70486\log4j-api-2.21.1.jar;C:\Users\bryan\.gradle\caches\modules-2\files-2.1\org.glassfish.jaxb\txw2\4.0.5\f36a4ef12120a9bb06d766d6a0e54b144fd7ed98\txw2-4.0.5.jar;C:\Users\bryan\.gradle\caches\modules-2\files-2.1\com.sun.istack\istack-commons-runtime\4.1.2\18ec117c85f3ba0ac65409136afa8e42bc74e739\istack-commons-runtime-4.1.2.jar;C:\Users\bryan\.gradle\caches\modules-2\files-2.1\io.netty\netty-handler\4.1.111.Final\2bc6a58ad2e9e279634b6e55022e8dcd3c175cc4\netty-handler-4.1.111.Final.jar;C:\Users\bryan\.gradle\caches\modules-2\files-2.1\io.netty\netty-codec-dns\4.1.111.Final\f988dbb527efb0e7cf7d444cc50b0fc3f5f380ec\netty-codec-dns-4.1.111.Final.jar;C:\Users\bryan\.gradle\caches\modules-2\files-2.1\io.netty\netty-codec-socks\4.1.111.Final\ea52ef6617a9b69b0baaebb7f0b80373527f9607\netty-codec-socks-4.1.111.Final.jar;C:\Users\bryan\.gradle\caches\modules-2\files-2.1\io.netty\netty-codec\4.1.111.Final\a6762ec00a6d268f9980741f5b755838bcd658bf\netty-codec-4.1.111.Final.jar;C:\Users\bryan\.gradle\caches\modules-2\files-2.1\io.netty\netty-transport-classes-epoll\4.1.111.Final\8b97d32eb1489043e478deea99bd93ce487b82f6\netty-transport-classes-epoll-4.1.111.Final.jar;C:\Users\bryan\.gradle\caches\modules-2\files-2.1\io.netty\netty-transport-native-unix-common\4.1.111.Final\acafc128cddafa021bc0b48b0788eb0e118add5e\netty-transport-native-unix-common-4.1.111.Final.jar;C:\Users\bryan\.gradle\caches\modules-2\files-2.1\io.netty\netty-transport\4.1.111.Final\24e97cf14ea9d80afe4c5ab69066b587fccc154a\netty-transport-4.1.111.Final.jar;C:\Users\bryan\.gradle\caches\modules-2\files-2.1\io.netty\netty-buffer\4.1.111.Final\b54863f578939e135d3b3aea610284ae57c188cf\netty-buffer-4.1.111.Final.jar;C:\Users\bryan\.gradle\caches\modules-2\files-2.1\io.netty\netty-resolver\4.1.111.Final\3493179999f211dc49714319f81da2be86523a3b\netty-resolver-4.1.111.Final.jar;C:\Users\bryan\.gradle\caches\modules-2\files-2.1\io.netty\netty-common\4.1.111.Final\58210befcb31adbcadd5724966a061444db91863\netty-common-4.1.111.Final.jar
Launcher Type: SUN_STANDARD

[Global flags]
     intx CICompilerCount                          = 3                                         {product} {ergonomic}
     uint ConcGCThreads                            = 1                                         {product} {ergonomic}
     uint G1ConcRefinementThreads                  = 4                                         {product} {ergonomic}
   size_t G1HeapRegionSize                         = 2097152                                   {product} {ergonomic}
    uintx GCDrainStackTargetSize                   = 64                                        {product} {ergonomic}
   size_t InitialHeapSize                          = 268435456                                 {product} {ergonomic}
   size_t MarkStackSize                            = 4194304                                   {product} {ergonomic}
   size_t MaxHeapSize                              = 4267704320                                {product} {ergonomic}
   size_t MinHeapDeltaBytes                        = 2097152                                   {product} {ergonomic}
   size_t MinHeapSize                              = 8388608                                   {product} {ergonomic}
    uintx NonNMethodCodeHeapSize                   = 4096                                   {pd product} {ergonomic}
    uintx NonProfiledCodeHeapSize                  = 0                                      {pd product} {ergonomic}
     bool ProfileInterpreter                       = false                                  {pd product} {command line}
    uintx ProfiledCodeHeapSize                     = 0                                      {pd product} {ergonomic}
   size_t SoftMaxHeapSize                          = 4267704320                             {manageable} {ergonomic}
     intx TieredStopAtLevel                        = 1                                         {product} {command line}
     bool UseCompressedOops                        = true                           {product lp64_product} {ergonomic}
     bool UseG1GC                                  = true                                      {product} {ergonomic}
     bool UseLargePagesIndividualAllocation        = false                                  {pd product} {ergonomic}

Logging:
Log output configuration:
 #0: stdout all=warning uptime,level,tags foldmultilines=false
 #1: stderr all=off uptime,level,tags foldmultilines=false

Environment Variables:
JAVA_HOME=C:\Program Files\Eclipse Adoptium\jdk-21.0.3.9-hotspot\
PATH=C:\Users\bryan\bin;C:\Program Files\Git\mingw64\bin;C:\Program Files\Git\usr\local\bin;C:\Program Files\Git\usr\bin;C:\Program Files\Git\usr\bin;C:\Program Files\Git\mingw64\bin;C:\Program Files\Git\usr\bin;C:\Users\bryan\bin;C:\Program Files\Eclipse Adoptium\jdk-21.0.3.9-hotspot\bin;C:\Program Files (x86)\Common Files\Oracle\Java\javapath;C:\Program Files\Common Files\Oracle\Java\javapath;C:\WINDOWS\system32;C:\WINDOWS;C:\WINDOWS\System32\Wbem;C:\WINDOWS\System32\WindowsPowerShell\v1.0;C:\WINDOWS\System32\OpenSSH;C:\Program Files\nodejs;C:\ProgramData\chocolatey\bin;C:\Program Files\MongoDB\Server\6.0\bin;C:\Program Files\Tesseract-OCR;C:\Program Files\MongoDB\Tools\100\bin;C:\Program Files\Git\cmd;C:\Program Files\Git LFS;C:\Program Files\PuTTY;C:\Program Files\Docker\Docker\resources\bin;C:\Program Files\MySQL\MySQL Shell 8.0\bin;C:\Users\bryan\AppData\Local\Programs\Python\Python38\Scripts;C:\Users\bryan\AppData\Local\Programs\Python\Python38;C:\Users\bryan\AppData\Local\Microsoft\WindowsApps;C:\Users\bryan\AppData\Local\Programs\Microsoft VS Code\bin;C:\Users\bryan\AppData\Roaming\npm;C:\Program Files\JetBrains\IntelliJ IDEA Community Edition 2023.3.3\bin;C:\Users\bryan\AppData\Local\GitHubDesktop\bin;C:\Program Files (x86)\Nmap;C:\Program Files\Git\usr\bin\vendor_perl;C:\Program Files\Git\usr\bin\core_perl
USERNAME=bryan
SHELL=C:\Program Files\Git\usr\bin\bash.exe
DISPLAY=needs-to-be-defined
LC_CTYPE=es_ES.UTF-8
TERM=xterm
TMPDIR=C:\Users\bryan\AppData\Local\Temp
OS=Windows_NT
PROCESSOR_IDENTIFIER=Intel64 Family 6 Model 78 Stepping 3, GenuineIntel
TMP=C:\Users\bryan\AppData\Local\Temp
TEMP=C:\Users\bryan\AppData\Local\Temp




Periodic native trim disabled

---------------  S Y S T E M  ---------------

OS:
 Windows 11 , 64 bit Build 22621 (10.0.22621.3672)
OS uptime: 1 days 8:20 hours
Hyper-V role detected

CPU: total 4 (initial active 4) (2 cores per cpu, 2 threads per core) family 6 model 78 stepping 3 microcode 0xd6, cx8, cmov, fxsr, ht, mmx, 3dnowpref, sse, sse2, sse3, ssse3, sse4.1, sse4.2, popcnt, lzcnt, tsc, tscinvbit, avx, avx2, aes, erms, clmul, bmi1, bmi2, rtm, adx, fma, vzeroupper, clflush, clflushopt, hv, rdtscp, f16c
Processor Information for all 4 processors :
  Max Mhz: 2801, Current Mhz: 2200, Mhz Limit: 2801

Memory: 4k page, system-wide physical 16275M (379M free)
TotalPageFile size 32659M (AvailPageFile size 199M)
current process WorkingSet (physical memory assigned to process): 11M, peak: 11M
current process commit charge ("private bytes"): 47M, peak: 303M

vm_info: OpenJDK 64-Bit Server VM (21.0.3+9-LTS) for windows-amd64 JRE (21.0.3+9-LTS), built on 2024-04-16T00:00:00Z by "admin" with MS VC++ 17.7 (VS2022)

END.
